Number of messages = 40

# warning: no package exists for attachedPattern in device IC_NRF51822_MODULE 
# warning: no package exists for attachedPattern in device R_12K_0402_1% 
# warning: no package exists for attachedPattern in device CAP_4U7_6V3_X5R_20%_0402 
# warning: no package exists for attachedPattern in device IC_TPS73533DRBR 
# warning: no package exists for attachedPattern in device CAP_2.2NF_0402 
# warning: no package exists for attachedPattern in device CAP_1U_6V3_0402_10%_X6S 
# warning: no package exists for attachedPattern in device IC_MKL26Z128VFM4 
# warning: no package exists for attachedPattern in device IC_MAG3110FCR1 
# warning: no package exists for attachedPattern in device IC_MMA8653FCR1 
# warning: no package exists for attachedPattern in device D_ESD_PRTR5V0U2F_115 
# warning: no package exists for attachedPattern in device D_BAT60A_E6327 
# warning: no package exists for attachedPattern in device SW_SPST_6MM 
# warning: no package exists for attachedPattern in device XTAL_16MHZ_3.2X2.5MM 
# warning: no package exists for attachedPattern in device CAP_12PF_25V_0402 
# warning: no package exists for attachedPattern in device LED_0603_GREEN 
# warning: no package exists for attachedPattern in device LED_0603_BLUE 
# warning: no package exists for attachedPattern in device LED_0603_RED 
# warning: no package exists for attachedPattern in device R_1K_0402_5% 
# warning: no package exists for attachedPattern in device CON_USB_MICRO_AB_MOLEX 
# warning: no package exists for attachedPattern in device R_33R_0402_5% 
# warning: no package exists for attachedPattern in device R_4K7_0402_5% 
# warning: no package exists for attachedPattern in device CAP_22PF_0402 
# warning: no package exists for attachedPattern in device R_10K_0402_5% 
# warning: no package exists for attachedPattern in device CAP_100N_25V_0402_10%_X5R 
# warning: no package exists for attachedPattern in device CON_JST_2MM_2W_SMD_H 
# warning: no package exists for attachedPattern in device R_220R_0603_1% 
# warning: no package exists for attachedPattern in device CON_HDR_6X1_0.1IN 
# warning: no package exists for attachedPattern in device BAT_CR2032_1 
# warning: no package exists for attachedPattern in device D_BAT43WS-7-F 
# warning: no package exists for attachedPattern in device L_FERRITE_600R_400MA 
# warning: no package exists for attachedPattern in device R_10M_0402_5% 
# warning: no package exists for attachedPattern in device CON_HDR_23X1 
# warning: no package exists for attachedPattern in device TR_PNP_NPN_PUMD9 
# warning: no package exists for attachedPattern in device CON_JACK_STEREO_3.5MM_SMD 
# warning: no package exists for attachedPattern in device MIC_ABM-715-RC 
# warning: no package exists for attachedPattern in device IC_XC6227C331PR-G 
# warning: no package exists for attachedPattern in device FIDUCIAL 
# warning: no package exists for attachedPattern in device HOLE_3.2MM_DIA 
# warning: no package exists for attachedPattern in device CON_HDR_3X1_0.1IN 
# warning: no package exists for attachedPattern in device CON_HDR_2X1_0.1IN 
