P-CAD Schematic ASCII File Export Log :
   Current document: P:\Live_Projects\Microbit\Eagle\Eagle2\Modulebit_open_Eagle.lia
   BeginLog
      Warning :     Symbol name [IC_nRF51822_MODULE], mode [Normal], part [1] changed to [IC_nRF51822_MODULE_1_N]
      Warning :     Rectangle [0mil : 0mil]-[1800mil : 1800mil] exported as lines.
      Warning :     P-CAD doesn't support object type [Image]
      Information : Exporting symbol definition(s) for component [IC_nRF51822_MODULE]
      Warning :     Symbol name [R_12K_0402_1%], mode [Normal], part [1] changed to [R_12K_0402_1%_1_N]
      Warning :     Symbol name [R_12K_0402_1%], mode [IEEE], part [1] changed to [R_12K_0402_1%_1_I]
      Warning :     Symbol name [R_12K_0402_1%], mode [DeMorgan], part [1] changed to [R_12K_0402_1%_1_D]
      Information : Exporting symbol definition(s) for component [R_12K_0402_1%]
      Warning :     Symbol name [CAP_4U7_6V3_X5R_20%_0402], mode [Normal], part [1] changed to [CAP_4U7_6V3_X5R_20%_0402_1_N]
      Warning :     Symbol name [CAP_4U7_6V3_X5R_20%_0402], mode [IEEE], part [1] changed to [CAP_4U7_6V3_X5R_20%_0402_1_I]
      Warning :     Symbol name [CAP_4U7_6V3_X5R_20%_0402], mode [DeMorgan], part [1] changed to [CAP_4U7_6V3_X5R_20%_0402_1_D]
      Information : Exporting symbol definition(s) for component [CAP_4U7_6V3_X5R_20%_0402]
      Warning :     Symbol name [IC_TPS73533DRBR], mode [Normal], part [1] changed to [IC_TPS73533DRBR_1_N]
      Warning :     Rectangle [-500mil : -100mil]-[300mil : 500mil] exported as lines.
      Warning :     Symbol name [IC_TPS73533DRBR], mode [IEEE], part [1] changed to [IC_TPS73533DRBR_1_I]
      Warning :     Rectangle [-500mil : -100mil]-[500mil : 600mil] exported as lines.
      Warning :     Symbol name [IC_TPS73533DRBR], mode [DeMorgan], part [1] changed to [IC_TPS73533DRBR_1_D]
      Warning :     Rectangle [-500mil : -100mil]-[500mil : 600mil] exported as lines.
      Information : Exporting symbol definition(s) for component [IC_TPS73533DRBR]
      Warning :     Symbol name [CAP_2.2nF_0402], mode [Normal], part [1] changed to [CAP_2.2nF_0402_1_N]
      Warning :     Symbol name [CAP_2.2nF_0402], mode [IEEE], part [1] changed to [CAP_2.2nF_0402_1_I]
      Warning :     Symbol name [CAP_2.2nF_0402], mode [DeMorgan], part [1] changed to [CAP_2.2nF_0402_1_D]
      Information : Exporting symbol definition(s) for component [CAP_2.2nF_0402]
      Warning :     Symbol name [CAP_1u_6V3_0402_10%_X6S], mode [Normal], part [1] changed to [CAP_1u_6V3_0402_10%_X6S_1_N]
      Warning :     Symbol name [CAP_1u_6V3_0402_10%_X6S], mode [IEEE], part [1] changed to [CAP_1u_6V3_0402_10%_X6S_1_I]
      Warning :     Symbol name [CAP_1u_6V3_0402_10%_X6S], mode [DeMorgan], part [1] changed to [CAP_1u_6V3_0402_10%_X6S_1_D]
      Information : Exporting symbol definition(s) for component [CAP_1u_6V3_0402_10%_X6S]
      Warning :     Symbol name [IC_MKL26Z128VFM4], mode [Normal], part [1] changed to [IC_MKL26Z128VFM4_1_N]
      Warning :     Rectangle [-400mil : -500mil]-[1200mil : 1600mil] exported as lines.
      Information : Exporting symbol definition(s) for component [IC_MKL26Z128VFM4]
      Warning :     Symbol name [IC_MAG3110FCR1], mode [Normal], part [1] changed to [IC_MAG3110FCR1_1_N]
      Warning :     Rectangle [-200mil : -300mil]-[500mil : 300mil] exported as lines.
      Information : Exporting symbol definition(s) for component [IC_MAG3110FCR1]
      Warning :     Symbol name [IC_MMA8653FCR1], mode [Normal], part [1] changed to [IC_MMA8653FCR1_1_N]
      Warning :     Rectangle [-400mil : -300mil]-[500mil : 300mil] exported as lines.
      Information : Exporting symbol definition(s) for component [IC_MMA8653FCR1]
      Warning :     Symbol name [D_ESD_PRTR5V0U2F_115], mode [Normal], part [1] changed to [D_ESD_PRTR5V0U2F_115_1_N]
      Warning :     Symbol name [D_ESD_PRTR5V0U2F_115], mode [IEEE], part [1] changed to [D_ESD_PRTR5V0U2F_115_1_I]
      Warning :     Symbol name [D_ESD_PRTR5V0U2F_115], mode [DeMorgan], part [1] changed to [D_ESD_PRTR5V0U2F_115_1_D]
      Information : Exporting symbol definition(s) for component [D_ESD_PRTR5V0U2F_115]
      Warning :     Symbol name [D_BAT60A_E6327], mode [Normal], part [1] changed to [D_BAT60A_E6327_1_N]
      Warning :     Symbol name [D_BAT60A_E6327], mode [IEEE], part [1] changed to [D_BAT60A_E6327_1_I]
      Warning :     Symbol name [D_BAT60A_E6327], mode [DeMorgan], part [1] changed to [D_BAT60A_E6327_1_D]
      Information : Exporting symbol definition(s) for component [D_BAT60A_E6327]
      Warning :     Symbol name [SW_SPST_6MM], mode [Normal], part [1] changed to [SW_SPST_6MM_1_N]
      Warning :     Symbol name [SW_SPST_6MM], mode [IEEE], part [1] changed to [SW_SPST_6MM_1_I]
      Warning :     Symbol name [SW_SPST_6MM], mode [DeMorgan], part [1] changed to [SW_SPST_6MM_1_D]
      Information : Exporting symbol definition(s) for component [SW_SPST_6MM]
      Warning :     Symbol name [XTAL_16MHZ_3.2X2.5MM], mode [Normal], part [1] changed to [XTAL_16MHZ_3.2X2.5MM_1_N]
      Warning :     Rectangle [0mil : -200mil]-[300mil : 0mil] exported as lines.
      Warning :     Symbol name [XTAL_16MHZ_3.2X2.5MM], mode [IEEE], part [1] changed to [XTAL_16MHZ_3.2X2.5MM_1_I]
      Warning :     Rectangle [0mil : -200mil]-[300mil : 0mil] exported as lines.
      Warning :     Symbol name [XTAL_16MHZ_3.2X2.5MM], mode [DeMorgan], part [1] changed to [XTAL_16MHZ_3.2X2.5MM_1_D]
      Warning :     Rectangle [0mil : -200mil]-[300mil : 0mil] exported as lines.
      Information : Exporting symbol definition(s) for component [XTAL_16MHZ_3.2X2.5MM]
      Warning :     Symbol name [CAP_12PF_25V_0402], mode [Normal], part [1] changed to [CAP_12PF_25V_0402_1_N]
      Warning :     Symbol name [CAP_12PF_25V_0402], mode [IEEE], part [1] changed to [CAP_12PF_25V_0402_1_I]
      Warning :     Symbol name [CAP_12PF_25V_0402], mode [DeMorgan], part [1] changed to [CAP_12PF_25V_0402_1_D]
      Information : Exporting symbol definition(s) for component [CAP_12PF_25V_0402]
      Warning :     Symbol name [LED_0603_GREEN], mode [Normal], part [1] changed to [LED_0603_GREEN_1_N]
      Warning :     Symbol name [LED_0603_GREEN], mode [IEEE], part [1] changed to [LED_0603_GREEN_1_I]
      Warning :     Symbol name [LED_0603_GREEN], mode [DeMorgan], part [1] changed to [LED_0603_GREEN_1_D]
      Information : Exporting symbol definition(s) for component [LED_0603_GREEN]
      Warning :     Symbol name [LED_0603_BLUE], mode [Normal], part [1] changed to [LED_0603_BLUE_1_N]
      Warning :     Symbol name [LED_0603_BLUE], mode [IEEE], part [1] changed to [LED_0603_BLUE_1_I]
      Warning :     Symbol name [LED_0603_BLUE], mode [DeMorgan], part [1] changed to [LED_0603_BLUE_1_D]
      Information : Exporting symbol definition(s) for component [LED_0603_BLUE]
      Warning :     Symbol name [LED_0603_RED], mode [Normal], part [1] changed to [LED_0603_RED_1_N]
      Warning :     Symbol name [LED_0603_RED], mode [IEEE], part [1] changed to [LED_0603_RED_1_I]
      Warning :     Symbol name [LED_0603_RED], mode [DeMorgan], part [1] changed to [LED_0603_RED_1_D]
      Information : Exporting symbol definition(s) for component [LED_0603_RED]
      Warning :     Symbol name [R_1K_0402_5%], mode [Normal], part [1] changed to [R_1K_0402_5%_1_N]
      Warning :     Symbol name [R_1K_0402_5%], mode [IEEE], part [1] changed to [R_1K_0402_5%_1_I]
      Warning :     Symbol name [R_1K_0402_5%], mode [DeMorgan], part [1] changed to [R_1K_0402_5%_1_D]
      Information : Exporting symbol definition(s) for component [R_1K_0402_5%]
      Warning :     Symbol name [CON_USB_MICRO_AB_MOLEX], mode [Normal], part [1] changed to [CON_USB_MICRO_AB_MOLEX_1_N]
      Warning :     Rectangle [-500mil : 0mil]-[100mil : 400mil] exported as lines.
      Information : Exporting symbol definition(s) for component [CON_USB_MICRO_AB_MOLEX]
      Warning :     Symbol name [R_33R_0402_5%], mode [Normal], part [1] changed to [R_33R_0402_5%_1_N]
      Warning :     Symbol name [R_33R_0402_5%], mode [IEEE], part [1] changed to [R_33R_0402_5%_1_I]
      Warning :     Symbol name [R_33R_0402_5%], mode [DeMorgan], part [1] changed to [R_33R_0402_5%_1_D]
      Information : Exporting symbol definition(s) for component [R_33R_0402_5%]
      Warning :     Symbol name [R_4K7_0402_5%], mode [Normal], part [1] changed to [R_4K7_0402_5%_1_N]
      Warning :     Symbol name [R_4K7_0402_5%], mode [IEEE], part [1] changed to [R_4K7_0402_5%_1_I]
      Warning :     Symbol name [R_4K7_0402_5%], mode [DeMorgan], part [1] changed to [R_4K7_0402_5%_1_D]
      Information : Exporting symbol definition(s) for component [R_4K7_0402_5%]
      Warning :     Symbol name [CAP_22pF_0402], mode [Normal], part [1] changed to [CAP_22pF_0402_1_N]
      Warning :     Symbol name [CAP_22pF_0402], mode [IEEE], part [1] changed to [CAP_22pF_0402_1_I]
      Warning :     Symbol name [CAP_22pF_0402], mode [DeMorgan], part [1] changed to [CAP_22pF_0402_1_D]
      Information : Exporting symbol definition(s) for component [CAP_22pF_0402]
      Warning :     Symbol name [R_10K_0402_5%], mode [Normal], part [1] changed to [R_10K_0402_5%_1_N]
      Warning :     Symbol name [R_10K_0402_5%], mode [IEEE], part [1] changed to [R_10K_0402_5%_1_I]
      Warning :     Symbol name [R_10K_0402_5%], mode [DeMorgan], part [1] changed to [R_10K_0402_5%_1_D]
      Information : Exporting symbol definition(s) for component [R_10K_0402_5%]
      Warning :     Symbol name [CAP_100N_25V_0402_10%_X5R], mode [Normal], part [1] changed to [CAP_100N_25V_0402_10%_X5R_1_N]
      Warning :     Symbol name [CAP_100N_25V_0402_10%_X5R], mode [IEEE], part [1] changed to [CAP_100N_25V_0402_10%_X5R_1_I]
      Warning :     Symbol name [CAP_100N_25V_0402_10%_X5R], mode [DeMorgan], part [1] changed to [CAP_100N_25V_0402_10%_X5R_1_D]
      Information : Exporting symbol definition(s) for component [CAP_100N_25V_0402_10%_X5R]
      Warning :     Symbol name [CON_JST_2MM_2W_SMD_H], mode [Normal], part [1] changed to [CON_JST_2MM_2W_SMD_H_1_N]
      Warning :     Rectangle [300mil : -300mil]-[600mil : 100mil] exported as lines.
      Warning :     Symbol name [CON_JST_2MM_2W_SMD_H], mode [IEEE], part [1] changed to [CON_JST_2MM_2W_SMD_H_1_I]
      Warning :     Rectangle [300mil : -1300mil]-[600mil : 100mil] exported as lines.
      Warning :     Symbol name [CON_JST_2MM_2W_SMD_H], mode [DeMorgan], part [1] changed to [CON_JST_2MM_2W_SMD_H_1_D]
      Warning :     Rectangle [300mil : -1300mil]-[600mil : 100mil] exported as lines.
      Information : Exporting symbol definition(s) for component [CON_JST_2MM_2W_SMD_H]
      Warning :     Symbol name [R_220R_0603_1%], mode [Normal], part [1] changed to [R_220R_0603_1%_1_N]
      Warning :     Symbol name [R_220R_0603_1%], mode [IEEE], part [1] changed to [R_220R_0603_1%_1_I]
      Warning :     Symbol name [R_220R_0603_1%], mode [DeMorgan], part [1] changed to [R_220R_0603_1%_1_D]
      Information : Exporting symbol definition(s) for component [R_220R_0603_1%]
      Warning :     Symbol name [CON_HDR_6X1_0.1IN], mode [Normal], part [1] changed to [CON_HDR_6X1_0.1IN_1_N]
      Warning :     Rectangle [0mil : -700mil]-[200mil : 0mil] exported as lines.
      Warning :     Symbol name [CON_HDR_6X1_0.1IN], mode [IEEE], part [1] changed to [CON_HDR_6X1_0.1IN_1_I]
      Warning :     Rectangle [0mil : -600mil]-[300mil : 0mil] exported as lines.
      Warning :     Symbol name [CON_HDR_6X1_0.1IN], mode [DeMorgan], part [1] changed to [CON_HDR_6X1_0.1IN_1_D]
      Warning :     Rectangle [0mil : -600mil]-[300mil : 0mil] exported as lines.
      Information : Exporting symbol definition(s) for component [CON_HDR_6X1_0.1IN]
      Warning :     Symbol name [BAT_CR2032_1], mode [Normal], part [1] changed to [BAT_CR2032_1_1_N]
      Warning :     Symbol name [BAT_CR2032_1], mode [IEEE], part [1] changed to [BAT_CR2032_1_1_I]
      Warning :     Symbol name [BAT_CR2032_1], mode [DeMorgan], part [1] changed to [BAT_CR2032_1_1_D]
      Information : Exporting symbol definition(s) for component [BAT_CR2032_1]
      Warning :     Symbol name [D_BAT43WS-7-F], mode [Normal], part [1] changed to [D_BAT43WS-7-F_1_N]
      Warning :     Symbol name [D_BAT43WS-7-F], mode [IEEE], part [1] changed to [D_BAT43WS-7-F_1_I]
      Warning :     Symbol name [D_BAT43WS-7-F], mode [DeMorgan], part [1] changed to [D_BAT43WS-7-F_1_D]
      Information : Exporting symbol definition(s) for component [D_BAT43WS-7-F]
      Warning :     Symbol name [L_FERRITE_600R_400mA], mode [Normal], part [1] changed to [L_FERRITE_600R_400mA_1_N]
      Warning :     Symbol name [L_FERRITE_600R_400mA], mode [IEEE], part [1] changed to [L_FERRITE_600R_400mA_1_I]
      Warning :     Symbol name [L_FERRITE_600R_400mA], mode [DeMorgan], part [1] changed to [L_FERRITE_600R_400mA_1_D]
      Information : Exporting symbol definition(s) for component [L_FERRITE_600R_400mA]
      Warning :     Symbol name [R_10M_0402_5%], mode [Normal], part [1] changed to [R_10M_0402_5%_1_N]
      Warning :     Symbol name [R_10M_0402_5%], mode [IEEE], part [1] changed to [R_10M_0402_5%_1_I]
      Warning :     Symbol name [R_10M_0402_5%], mode [DeMorgan], part [1] changed to [R_10M_0402_5%_1_D]
      Information : Exporting symbol definition(s) for component [R_10M_0402_5%]
      Warning :     Symbol name [CON_HDR_23X1], mode [Normal], part [1] changed to [CON_HDR_23X1_1_N]
      Warning :     Rectangle [200mil : -2200mil]-[300mil : 200mil] exported as lines.
      Warning :     Symbol name [CON_HDR_23X1], mode [IEEE], part [1] changed to [CON_HDR_23X1_1_I]
      Warning :     Rectangle [0mil : -1700mil]-[500mil : 0mil] exported as lines.
      Warning :     Symbol name [CON_HDR_23X1], mode [DeMorgan], part [1] changed to [CON_HDR_23X1_1_D]
      Warning :     Rectangle [0mil : -1700mil]-[500mil : 0mil] exported as lines.
      Information : Exporting symbol definition(s) for component [CON_HDR_23X1]
      Warning :     Symbol name [TR_PNP_NPN_PUMD9], mode [Normal], part [1] changed to [TR_PNP_NPN_PUMD9_1_N]
      Warning :     Symbol name [TR_PNP_NPN_PUMD9], mode [Normal], part [2] changed to [TR_PNP_NPN_PUMD9_2_N]
      Information : Exporting symbol definition(s) for component [TR_PNP_NPN_PUMD9]
      Warning :     Symbol name [CON_JACK_STEREO_3.5MM_SMD], mode [Normal], part [1] changed to [CON_JACK_STEREO_3.5MM_SMD_1_N]
      Warning :     Symbol name [CON_JACK_STEREO_3.5MM_SMD], mode [IEEE], part [1] changed to [CON_JACK_STEREO_3.5MM_SMD_1_I]
      Warning :     Symbol name [CON_JACK_STEREO_3.5MM_SMD], mode [DeMorgan], part [1] changed to [CON_JACK_STEREO_3.5MM_SMD_1_D]
      Information : Exporting symbol definition(s) for component [CON_JACK_STEREO_3.5MM_SMD]
      Warning :     Symbol name [MIC_ABM-715-RC], mode [Normal], part [1] changed to [MIC_ABM-715-RC_1_N]
      Warning :     Ellipse at position [0mil : 0mil] approximated with a circular arc
      Information : Exporting symbol definition(s) for component [MIC_ABM-715-RC]
      Warning :     Symbol name [IC_XC6227C331PR-G], mode [Normal], part [1] changed to [IC_XC6227C331PR-G_1_N]
      Warning :     Rectangle [-400mil : -300mil]-[400mil : 300mil] exported as lines.
      Information : Exporting symbol definition(s) for component [IC_XC6227C331PR-G]
      Warning :     Symbol name [FIDUCIAL], mode [Normal], part [1] changed to [FIDUCIAL_1_N]
      Warning :     Ellipse at position [0mil : 0mil] approximated with a circular arc
      Warning :     Symbol name [FIDUCIAL], mode [IEEE], part [1] changed to [FIDUCIAL_1_I]
      Warning :     Ellipse at position [0mil : 0mil] approximated with a circular arc
      Warning :     Symbol name [FIDUCIAL], mode [DeMorgan], part [1] changed to [FIDUCIAL_1_D]
      Warning :     Ellipse at position [0mil : 0mil] approximated with a circular arc
      Information : Exporting symbol definition(s) for component [FIDUCIAL]
      Warning :     Symbol name [HOLE_3.2MM_DIA], mode [Normal], part [1] changed to [HOLE_3.2MM_DIA_1_N]
      Warning :     Ellipse at position [0mil : 0mil] approximated with a circular arc
      Warning :     Symbol name [HOLE_3.2MM_DIA], mode [IEEE], part [1] changed to [HOLE_3.2MM_DIA_1_I]
      Warning :     Ellipse at position [0mil : 0mil] approximated with a circular arc
      Warning :     Symbol name [HOLE_3.2MM_DIA], mode [DeMorgan], part [1] changed to [HOLE_3.2MM_DIA_1_D]
      Warning :     Ellipse at position [0mil : 0mil] approximated with a circular arc
      Information : Exporting symbol definition(s) for component [HOLE_3.2MM_DIA]
      Warning :     Symbol name [CON_HDR_3X1_0.1IN], mode [Normal], part [1] changed to [CON_HDR_3X1_0.1IN_1_N]
      Warning :     Rectangle [0mil : -400mil]-[300mil : 0mil] exported as lines.
      Warning :     Symbol name [CON_HDR_3X1_0.1IN], mode [IEEE], part [1] changed to [CON_HDR_3X1_0.1IN_1_I]
      Warning :     Rectangle [0mil : -400mil]-[300mil : 0mil] exported as lines.
      Warning :     Symbol name [CON_HDR_3X1_0.1IN], mode [DeMorgan], part [1] changed to [CON_HDR_3X1_0.1IN_1_D]
      Warning :     Rectangle [0mil : -400mil]-[300mil : 0mil] exported as lines.
      Information : Exporting symbol definition(s) for component [CON_HDR_3X1_0.1IN]
      Warning :     Symbol name [CON_HDR_2X1_0.1IN], mode [Normal], part [1] changed to [CON_HDR_2X1_0.1IN_1_N]
      Warning :     Rectangle [0mil : -300mil]-[300mil : 0mil] exported as lines.
      Warning :     Symbol name [CON_HDR_2X1_0.1IN], mode [IEEE], part [1] changed to [CON_HDR_2X1_0.1IN_1_I]
      Warning :     Rectangle [0mil : -300mil]-[300mil : 0mil] exported as lines.
      Warning :     Symbol name [CON_HDR_2X1_0.1IN], mode [DeMorgan], part [1] changed to [CON_HDR_2X1_0.1IN_1_D]
      Warning :     Rectangle [0mil : -300mil]-[300mil : 0mil] exported as lines.
      Information : Exporting symbol definition(s) for component [CON_HDR_2X1_0.1IN]
      Information : Exporting component definition for component [IC_nRF51822_MODULE]
      Warning :     Component [IC_nRF51822_MODULE] changed to [IC_NRF51822_MODULE]
      Information : Exporting component definition for component [R_12K_0402_1%]
      Information : Exporting component definition for component [CAP_4U7_6V3_X5R_20%_0402]
      Information : Exporting component definition for component [IC_TPS73533DRBR]
      Information : Exporting component definition for component [CAP_2.2nF_0402]
      Warning :     Component [CAP_2.2nF_0402] changed to [CAP_2.2NF_0402]
      Information : Exporting component definition for component [CAP_1u_6V3_0402_10%_X6S]
      Warning :     Component [CAP_1u_6V3_0402_10%_X6S] changed to [CAP_1U_6V3_0402_10%_X6S]
      Information : Exporting component definition for component [IC_MKL26Z128VFM4]
      Information : Exporting component definition for component [IC_MAG3110FCR1]
      Information : Exporting component definition for component [IC_MMA8653FCR1]
      Information : Exporting component definition for component [D_ESD_PRTR5V0U2F_115]
      Information : Exporting component definition for component [D_BAT60A_E6327]
      Information : Exporting component definition for component [SW_SPST_6MM]
      Information : Exporting component definition for component [XTAL_16MHZ_3.2X2.5MM]
      Information : Exporting component definition for component [CAP_12PF_25V_0402]
      Information : Exporting component definition for component [LED_0603_GREEN]
      Information : Exporting component definition for component [LED_0603_BLUE]
      Information : Exporting component definition for component [LED_0603_RED]
      Information : Exporting component definition for component [R_1K_0402_5%]
      Information : Exporting component definition for component [CON_USB_MICRO_AB_MOLEX]
      Information : Exporting component definition for component [R_33R_0402_5%]
      Information : Exporting component definition for component [R_4K7_0402_5%]
      Information : Exporting component definition for component [CAP_22pF_0402]
      Warning :     Component [CAP_22pF_0402] changed to [CAP_22PF_0402]
      Information : Exporting component definition for component [R_10K_0402_5%]
      Information : Exporting component definition for component [CAP_100N_25V_0402_10%_X5R]
      Information : Exporting component definition for component [CON_JST_2MM_2W_SMD_H]
      Information : Exporting component definition for component [R_220R_0603_1%]
      Information : Exporting component definition for component [CON_HDR_6X1_0.1IN]
      Information : Exporting component definition for component [BAT_CR2032_1]
      Information : Exporting component definition for component [D_BAT43WS-7-F]
      Information : Exporting component definition for component [L_FERRITE_600R_400mA]
      Warning :     Component [L_FERRITE_600R_400mA] changed to [L_FERRITE_600R_400MA]
      Information : Exporting component definition for component [R_10M_0402_5%]
      Information : Exporting component definition for component [CON_HDR_23X1]
      Information : Exporting component definition for component [TR_PNP_NPN_PUMD9]
      Information : Exporting component definition for component [CON_JACK_STEREO_3.5MM_SMD]
      Information : Exporting component definition for component [MIC_ABM-715-RC]
      Information : Exporting component definition for component [IC_XC6227C331PR-G]
      Information : Exporting component definition for component [FIDUCIAL]
      Information : Exporting component definition for component [HOLE_3.2MM_DIA]
      Information : Exporting component definition for component [CON_HDR_3X1_0.1IN]
      Information : Exporting component definition for component [CON_HDR_2X1_0.1IN]
   EndLog
   Imported succesfully!
 
EndLog
